2026-06-09 | 🎮 <b>Завоз в каталог SteamGate</b> — закинули 7 игр
2026-06-11 | 🎮 <b>Xbox режет штат в четвёртый раз подряд</b>
2026-06-11 | Ну что, кто ещё ждёт <b>The Elder Scrolls VI</b>?
2026-06-11 | Вот это Capcom не пожалели — <b>RE4, RE2, RE Village и RE3</b> одновременно со скидками до 80%
2026-06-11 | 🎮 <b>SEGA Publisher Sale</b> — 40+ игр разом, и там не только Якудза
2026-06-11 | 🧟 Серьёзно, когда ещё у Capcom такое бывает — <b>Resident Evil целиком в распродаже</b>
2026-06-11 | Одна из тех игр, в которые я «зайду на 10 минут» — <b>Slay the Spire</b>
2026-06-11 | 🕹 Две хорошие игры разом — и обе бесплатно в Steam
2026-06-11 | 🍔 <b>Happy's Humble Burger Farm</b>
2026-06-11 | 🐾 Бесплатно в Steam — забираем обе
2026-06-12 | 🗡 <b>Final Fantasy Sale в Steam</b>
2026-06-12 | 🎪 Бэклог, держись — <b>Devolver Publisher Sale в Steam</b>
2026-06-12 | Три Overwhelmingly Positive игры — и у каждой скидка в Steam до 25 июня
2026-06-12 | 🎮 Два шутера на выходные — и один горит уже завтра
2026-06-12 | 🐀 <b>A Plague Tale: Innocence</b> — из тех сюжетных экшенов, что сидят в голове неделями
2026-06-12 | Б | 🧟 <b>Dying Light 2 Stay Human</b> — и всё-таки −80% случилось | байт: 🔥 — газ в пол, беру
2026-06-12 | А | ⚔️ Final Fantasy XVI + Crisis Core FF VII Reunion | байт: 🔥 — всё равно куплю и не запущу
2026-06-12 | В | 💀 <b>Resident Evil Requiem</b> | байт: 🔥 — хоррор без DLC-хлама, заслужил
2026-06-12 | Б | 🚀 <b>Returnal</b> горит до воскресенья — и <b>Dead Cells</b> рядом | байт: 🔥 — умру 200 раз и не остановлюсь
2026-06-12 | А | 🎁 Четыре игры бесплатно в Epic | байт: 🔥 — жадный, всё в копилку
2026-06-12 | В | 🕯 Don't Starve Together | байт: 🔥 — пережил первую зиму
2026-06-13 | А | 🎮 Gravity Circuit — последний шанс взять бесплатно | байт: 🔥 — и так 300 непройденных, а всё равно взял
2026-06-13 | Б | ⚔️ Clair Obscur: Expedition 33 + Frostpunk 2 — скидки Steam | байт: 🔥 — наконец-то беру, хватит откладывать
2026-06-13 | В | 🪞 Tell Me Why — вся игра бесплатно в Steam до 1 июля | байт: 🔥 — возьму, давно хотел
2026-06-13 | А | 🐉 Monster Hunter: World — скидка −74% Steam | байт: 🔥 — вышел на часик и встретил рассвет
2026-06-13 | Б | 🚗 Pacific Drive — выживалка, в которой машина важнее тебя | байт: 🔥 — машина есть, карты нет, едем
2026-06-14 | А | 🎮 Steam Next Fest — завтра вечером | байт: 🔥 — скачаю штук 30 и не пройду ни одно
2026-06-14 | Б | 🐺 Wild Terra 2: New Lands сейчас раздают в Steam — вся MMORPG навсегда | байт: 🔥 — закинул в библиотеку, разберусь
2026-06-14 | В | 🥋 Street Fighter 6 — три года прошло, а лучший файтинг на ПК | байт: 🔥 — выучу комбо, наконец
2026-06-14 | завоз | 🧙 Witchspire завезли в каталог SteamGate | байт: 🔥 — ведьма с питомцем, и я тут
2026-06-14 | А | 🔦 <b>Resident Evil 7 Biohazard</b> — хоррор-батч с Scorn | байт: 🔥 — дверь закрыл, свет выключил, поехали
2026-06-15 | Б | 🤖 RoboCop: Rogue City — −90% в Steam, до 25 июня | байт: 🔥 — мёртвым или живым, беру
2026-06-15 | А | 🗡 Assassin's Creed Odyssey — −80% в Steam, последний день | байт: 🔥 — во имя Спарты, беру
2026-06-15 | В | ⚔️ Assassin's Creed Valhalla — горит сегодня | байт: 🔥 — на драккар и в Британию
2026-06-15 | Б | 🃏 Два инди горят сегодня — Furi и Nobody Saves the World | байт: 🔥 — успею до закрытия, беру оба
